<?xml version="1.0" encoding="UTF-8"?>
<!-- Generated by org.testng.reporters.JUnitXMLReporter -->
<testsuite ignored="0" hostname="DESKTOP-IPCLUFG" failures="1" tests="9" name="Test" time="11.954" errors="0" timestamp="2022-01-14T19:39:04 IST">
  <testcase classname="com.mindtree.runner.carsrunner" name="@BeforeTest initializeDriver" time="11.504">
    <failure type="com.mindtree.exceptions.ApplicationException">
      <![CDATA[no such window: target window already closed
from unknown error: web view not found
  (Session info: chrome=97.0.4692.71)
Build info: version: '3.141.59', revision: 'e82be7d358', time: '2018-11-14T08:17:03'
System info: host: 'DESKTOP-IPCLUFG', ip: '192.168.246.173', os.name: 'Windows 10', os.arch: 'amd64', os.version: '10.0', java.version: '11.0.13'
Driver info: org.openqa.selenium.chrome.ChromeDriver
Capabilities {acceptInsecureCerts: false, browserName: chrome, browserVersion: 97.0.4692.71, chrome: {chromedriverVersion: 96.0.4664.45 (76e4c1bb2ab46..., userDataDir: C:\Users\maddy\AppData\Loca...}, goog:chromeOptions: {debuggerAddress: localhost:55181}, javascriptEnabled: true, networkConnectionEnabled: false, pageLoadStrategy: normal, platform: WINDOWS, platformName: WINDOWS, proxy: Proxy(), setWindowRect: true, strictFileInteractability: false, timeouts: {implicit: 0, pageLoad: 300000, script: 30000}, unhandledPromptBehavior: dismiss and notify, webauthn:extension:credBlob: true, webauthn:extension:largeBlob: true, webauthn:virtualAuthenticators: true}
Session ID: e778e8a65ccbda468818aaa5d1bf5d65
at com.mindtree.runner.carsrunner.initializeDriver(carsrunner.java:53)
... Removed 24 stack frames]]>
    </failure>
  </testcase> <!-- @BeforeTest initializeDriver -->
  <testcase classname="com.mindtree.runner.carsrunner" name="@AfterTest closeInstance" time="-1.64216934448E9">
    <skipped/>
  </testcase> <!-- @AfterTest closeInstance -->
  <testcase classname="com.mindtree.runner.carsrunner" name="validateTitle" time="0.0">
    <skipped/>
  </testcase> <!-- validateTitle -->
  <testcase classname="com.mindtree.runner.carsrunner" name="LogIn" time="0.0">
    <skipped/>
  </testcase> <!-- LogIn -->
  <testcase classname="com.mindtree.runner.carsrunner" name="Outstation" time="0.0">
    <skipped/>
  </testcase> <!-- Outstation -->
  <testcase classname="com.mindtree.runner.carsrunner" name="Selectcar" time="0.0">
    <failure type="org.testng.TestNGException" message="
Method public void com.mindtree.runner.carsrunner.Selectcar(java.lang.String) throws com.mindtree.exceptions.ApplicationException requires a @DataProvider named : getdata=01">
      <![CDATA[org.testng.TestNGException: 
Method public void com.mindtree.runner.carsrunner.Selectcar(java.lang.String) throws com.mindtree.exceptions.ApplicationException requires a @DataProvider named : getdata=01
at java.base/java.util.ArrayList.forEach(ArrayList.java:1541)
... Removed 24 stack frames]]>
    </failure>
  </testcase> <!-- Selectcar -->
  <testcase classname="com.mindtree.runner.carsrunner" name="Local" time="0.0">
    <skipped/>
  </testcase> <!-- Local -->
  <testcase classname="com.mindtree.runner.carsrunner" name="Airport" time="0.0">
    <skipped/>
  </testcase> <!-- Airport -->
  <testcase classname="com.mindtree.runner.carsrunner" name="ThisApp" time="0.0">
    <skipped/>
  </testcase> <!-- ThisApp -->
  <testcase classname="com.mindtree.runner.carsrunner" name="CarRental" time="0.0">
    <skipped/>
  </testcase> <!-- CarRental -->
  <testcase classname="com.mindtree.runner.carsrunner" name="Onewaycab" time="0.0">
    <skipped/>
  </testcase> <!-- Onewaycab -->
</testsuite> <!-- Test -->
